19:08:01.602 [main] INFO  m.k.g.s.d.j.e.GenerateJpaEntityApplication - Starting GenerateJpaEntityApplication on DESKTOP-CCLRIAF with PID 3820 (F:\Code\git\generate-jpa-entity\target\classes started by kongh in F:\Code\git\generate-jpa-entity)
19:08:01.603 [main] INFO  m.k.g.s.d.j.e.GenerateJpaEntityApplication - No active profile set, falling back to default profiles: default
19:08:01.635 [main] INFO  o.s.c.a.AnnotationConfigApplicationContext - Refreshing org.springframework.context.annotation.AnnotationConfigApplicationContext@ca263c2: startup date [Mon Jan 15 19:08:01 CST 2018]; root of context hierarchy
19:08:02.400 [main] INFO  o.s.j.e.a.AnnotationMBeanExporter - Registering beans for JMX exposure on startup
19:08:02.403 [main] INFO  o.s.b.a.e.jmx.EndpointMBeanExporter - Registering beans for JMX exposure on startup
19:08:02.405 [main] INFO  o.s.c.s.DefaultLifecycleProcessor - Starting beans in phase 0
19:08:02.407 [main] INFO  o.s.b.a.e.jmx.EndpointMBeanExporter - Located managed bean 'auditEventsEndpoint': registering with JMX server as MBean [org.springframework.boot:type=Endpoint,name=auditEventsEndpoint]
19:08:02.418 [main] INFO  o.s.b.a.e.jmx.EndpointMBeanExporter - Located managed bean 'environmentEndpoint': registering with JMX server as MBean [org.springframework.boot:type=Endpoint,name=environmentEndpoint]
19:08:02.426 [main] INFO  o.s.b.a.e.jmx.EndpointMBeanExporter - Located managed bean 'healthEndpoint': registering with JMX server as MBean [org.springframework.boot:type=Endpoint,name=healthEndpoint]
19:08:02.430 [main] INFO  o.s.b.a.e.jmx.EndpointMBeanExporter - Located managed bean 'beansEndpoint': registering with JMX server as MBean [org.springframework.boot:type=Endpoint,name=beansEndpoint]
19:08:02.433 [main] INFO  o.s.b.a.e.jmx.EndpointMBeanExporter - Located managed bean 'infoEndpoint': registering with JMX server as MBean [org.springframework.boot:type=Endpoint,name=infoEndpoint]
19:08:02.435 [main] INFO  o.s.b.a.e.jmx.EndpointMBeanExporter - Located managed bean 'loggersEndpoint': registering with JMX server as MBean [org.springframework.boot:type=Endpoint,name=loggersEndpoint]
19:08:02.440 [main] INFO  o.s.b.a.e.jmx.EndpointMBeanExporter - Located managed bean 'metricsEndpoint': registering with JMX server as MBean [org.springframework.boot:type=Endpoint,name=metricsEndpoint]
19:08:02.442 [main] INFO  o.s.b.a.e.jmx.EndpointMBeanExporter - Located managed bean 'traceEndpoint': registering with JMX server as MBean [org.springframework.boot:type=Endpoint,name=traceEndpoint]
19:08:02.444 [main] INFO  o.s.b.a.e.jmx.EndpointMBeanExporter - Located managed bean 'dumpEndpoint': registering with JMX server as MBean [org.springframework.boot:type=Endpoint,name=dumpEndpoint]
19:08:02.446 [main] INFO  o.s.b.a.e.jmx.EndpointMBeanExporter - Located managed bean 'autoConfigurationReportEndpoint': registering with JMX server as MBean [org.springframework.boot:type=Endpoint,name=autoConfigurationReportEndpoint]
19:08:02.448 [main] INFO  o.s.b.a.e.jmx.EndpointMBeanExporter - Located managed bean 'configurationPropertiesReportEndpoint': registering with JMX server as MBean [org.springframework.boot:type=Endpoint,name=configurationPropertiesReportEndpoint]
19:08:02.461 [main] INFO  m.k.g.s.d.j.e.GenerateJpaEntityApplication - Started GenerateJpaEntityApplication in 0.995 seconds (JVM running for 1.272)
19:08:02.650 [Thread-6] INFO  o.s.c.a.AnnotationConfigApplicationContext - Closing org.springframework.context.annotation.AnnotationConfigApplicationContext@ca263c2: startup date [Mon Jan 15 19:08:01 CST 2018]; root of context hierarchy
19:08:02.651 [Thread-6] INFO  o.s.c.s.DefaultLifecycleProcessor - Stopping beans in phase 0
19:08:02.652 [Thread-6] INFO  o.s.b.a.e.jmx.EndpointMBeanExporter - Unregistering JMX-exposed beans on shutdown
19:08:02.652 [Thread-6] INFO  o.s.b.a.e.jmx.EndpointMBeanExporter - Unregistering JMX-exposed beans
19:08:02.653 [Thread-6] INFO  o.s.j.e.a.AnnotationMBeanExporter - Unregistering JMX-exposed beans on shutdown
19:21:44.092 [main] INFO  m.k.g.s.d.j.e.GenerateJpaEntityApplication - Starting GenerateJpaEntityApplication on DESKTOP-CCLRIAF with PID 7816 (F:\Code\git\generate-jpa-entity\target\classes started by kongh in F:\Code\git\generate-jpa-entity)
19:21:44.094 [main] INFO  m.k.g.s.d.j.e.GenerateJpaEntityApplication - No active profile set, falling back to default profiles: default
19:21:44.117 [main] INFO  o.s.c.a.AnnotationConfigApplicationContext - Refreshing org.springframework.context.annotation.AnnotationConfigApplicationContext@ca263c2: startup date [Mon Jan 15 19:21:44 CST 2018]; root of context hierarchy
19:21:44.784 [main] INFO  o.s.j.e.a.AnnotationMBeanExporter - Registering beans for JMX exposure on startup
19:21:44.786 [main] INFO  o.s.b.a.e.jmx.EndpointMBeanExporter - Registering beans for JMX exposure on startup
19:21:44.789 [main] INFO  o.s.c.s.DefaultLifecycleProcessor - Starting beans in phase 0
19:21:44.790 [main] INFO  o.s.b.a.e.jmx.EndpointMBeanExporter - Located managed bean 'auditEventsEndpoint': registering with JMX server as MBean [org.springframework.boot:type=Endpoint,name=auditEventsEndpoint]
19:21:44.835 [main] INFO  o.s.b.a.e.jmx.EndpointMBeanExporter - Located managed bean 'environmentEndpoint': registering with JMX server as MBean [org.springframework.boot:type=Endpoint,name=environmentEndpoint]
19:21:44.844 [main] INFO  o.s.b.a.e.jmx.EndpointMBeanExporter - Located managed bean 'healthEndpoint': registering with JMX server as MBean [org.springframework.boot:type=Endpoint,name=healthEndpoint]
19:21:44.846 [main] INFO  o.s.b.a.e.jmx.EndpointMBeanExporter - Located managed bean 'beansEndpoint': registering with JMX server as MBean [org.springframework.boot:type=Endpoint,name=beansEndpoint]
19:21:44.848 [main] INFO  o.s.b.a.e.jmx.EndpointMBeanExporter - Located managed bean 'infoEndpoint': registering with JMX server as MBean [org.springframework.boot:type=Endpoint,name=infoEndpoint]
19:21:44.850 [main] INFO  o.s.b.a.e.jmx.EndpointMBeanExporter - Located managed bean 'loggersEndpoint': registering with JMX server as MBean [org.springframework.boot:type=Endpoint,name=loggersEndpoint]
19:21:44.856 [main] INFO  o.s.b.a.e.jmx.EndpointMBeanExporter - Located managed bean 'metricsEndpoint': registering with JMX server as MBean [org.springframework.boot:type=Endpoint,name=metricsEndpoint]
19:21:44.859 [main] INFO  o.s.b.a.e.jmx.EndpointMBeanExporter - Located managed bean 'traceEndpoint': registering with JMX server as MBean [org.springframework.boot:type=Endpoint,name=traceEndpoint]
19:21:44.861 [main] INFO  o.s.b.a.e.jmx.EndpointMBeanExporter - Located managed bean 'dumpEndpoint': registering with JMX server as MBean [org.springframework.boot:type=Endpoint,name=dumpEndpoint]
19:21:44.863 [main] INFO  o.s.b.a.e.jmx.EndpointMBeanExporter - Located managed bean 'autoConfigurationReportEndpoint': registering with JMX server as MBean [org.springframework.boot:type=Endpoint,name=autoConfigurationReportEndpoint]
19:21:44.865 [main] INFO  o.s.b.a.e.jmx.EndpointMBeanExporter - Located managed bean 'configurationPropertiesReportEndpoint': registering with JMX server as MBean [org.springframework.boot:type=Endpoint,name=configurationPropertiesReportEndpoint]
19:21:44.876 [main] INFO  m.k.g.s.d.j.e.GenerateJpaEntityApplication - Started GenerateJpaEntityApplication in 0.92 seconds (JVM running for 1.189)
19:21:45.026 [Thread-6] INFO  o.s.c.a.AnnotationConfigApplicationContext - Closing org.springframework.context.annotation.AnnotationConfigApplicationContext@ca263c2: startup date [Mon Jan 15 19:21:44 CST 2018]; root of context hierarchy
19:21:45.028 [Thread-6] INFO  o.s.c.s.DefaultLifecycleProcessor - Stopping beans in phase 0
19:21:45.029 [Thread-6] INFO  o.s.b.a.e.jmx.EndpointMBeanExporter - Unregistering JMX-exposed beans on shutdown
19:21:45.029 [Thread-6] INFO  o.s.b.a.e.jmx.EndpointMBeanExporter - Unregistering JMX-exposed beans
19:21:45.029 [Thread-6] INFO  o.s.j.e.a.AnnotationMBeanExporter - Unregistering JMX-exposed beans on shutdown
19:21:57.532 [main] INFO  m.k.g.s.d.j.e.GenerateJpaEntityApplication - Starting GenerateJpaEntityApplication on DESKTOP-CCLRIAF with PID 2368 (F:\Code\git\generate-jpa-entity\target\classes started by kongh in F:\Code\git\generate-jpa-entity)
19:21:57.533 [main] INFO  m.k.g.s.d.j.e.GenerateJpaEntityApplication - No active profile set, falling back to default profiles: default
19:21:57.563 [main] INFO  o.s.c.a.AnnotationConfigApplicationContext - Refreshing org.springframework.context.annotation.AnnotationConfigApplicationContext@ca263c2: startup date [Mon Jan 15 19:21:57 CST 2018]; root of context hierarchy
19:21:58.283 [main] INFO  o.s.j.e.a.AnnotationMBeanExporter - Registering beans for JMX exposure on startup
19:21:58.285 [main] INFO  o.s.b.a.e.jmx.EndpointMBeanExporter - Registering beans for JMX exposure on startup
19:21:58.288 [main] INFO  o.s.c.s.DefaultLifecycleProcessor - Starting beans in phase 0
19:21:58.289 [main] INFO  o.s.b.a.e.jmx.EndpointMBeanExporter - Located managed bean 'auditEventsEndpoint': registering with JMX server as MBean [org.springframework.boot:type=Endpoint,name=auditEventsEndpoint]
19:21:58.338 [main] INFO  o.s.b.a.e.jmx.EndpointMBeanExporter - Located managed bean 'environmentEndpoint': registering with JMX server as MBean [org.springframework.boot:type=Endpoint,name=environmentEndpoint]
19:21:58.349 [main] INFO  o.s.b.a.e.jmx.EndpointMBeanExporter - Located managed bean 'healthEndpoint': registering with JMX server as MBean [org.springframework.boot:type=Endpoint,name=healthEndpoint]
19:21:58.352 [main] INFO  o.s.b.a.e.jmx.EndpointMBeanExporter - Located managed bean 'beansEndpoint': registering with JMX server as MBean [org.springframework.boot:type=Endpoint,name=beansEndpoint]
19:21:58.355 [main] INFO  o.s.b.a.e.jmx.EndpointMBeanExporter - Located managed bean 'infoEndpoint': registering with JMX server as MBean [org.springframework.boot:type=Endpoint,name=infoEndpoint]
19:21:58.358 [main] INFO  o.s.b.a.e.jmx.EndpointMBeanExporter - Located managed bean 'loggersEndpoint': registering with JMX server as MBean [org.springframework.boot:type=Endpoint,name=loggersEndpoint]
19:21:58.364 [main] INFO  o.s.b.a.e.jmx.EndpointMBeanExporter - Located managed bean 'metricsEndpoint': registering with JMX server as MBean [org.springframework.boot:type=Endpoint,name=metricsEndpoint]
19:21:58.367 [main] INFO  o.s.b.a.e.jmx.EndpointMBeanExporter - Located managed bean 'traceEndpoint': registering with JMX server as MBean [org.springframework.boot:type=Endpoint,name=traceEndpoint]
19:21:58.370 [main] INFO  o.s.b.a.e.jmx.EndpointMBeanExporter - Located managed bean 'dumpEndpoint': registering with JMX server as MBean [org.springframework.boot:type=Endpoint,name=dumpEndpoint]
19:21:58.372 [main] INFO  o.s.b.a.e.jmx.EndpointMBeanExporter - Located managed bean 'autoConfigurationReportEndpoint': registering with JMX server as MBean [org.springframework.boot:type=Endpoint,name=autoConfigurationReportEndpoint]
19:21:58.375 [main] INFO  o.s.b.a.e.jmx.EndpointMBeanExporter - Located managed bean 'configurationPropertiesReportEndpoint': registering with JMX server as MBean [org.springframework.boot:type=Endpoint,name=configurationPropertiesReportEndpoint]
19:21:58.388 [main] INFO  m.k.g.s.d.j.e.GenerateJpaEntityApplication - Started GenerateJpaEntityApplication in 0.998 seconds (JVM running for 1.276)
19:21:58.567 [Thread-6] INFO  o.s.c.a.AnnotationConfigApplicationContext - Closing org.springframework.context.annotation.AnnotationConfigApplicationContext@ca263c2: startup date [Mon Jan 15 19:21:57 CST 2018]; root of context hierarchy
19:21:58.569 [Thread-6] INFO  o.s.c.s.DefaultLifecycleProcessor - Stopping beans in phase 0
19:21:58.570 [Thread-6] INFO  o.s.b.a.e.jmx.EndpointMBeanExporter - Unregistering JMX-exposed beans on shutdown
19:21:58.570 [Thread-6] INFO  o.s.b.a.e.jmx.EndpointMBeanExporter - Unregistering JMX-exposed beans
19:21:58.571 [Thread-6] INFO  o.s.j.e.a.AnnotationMBeanExporter - Unregistering JMX-exposed beans on shutdown
19:22:24.393 [main] INFO  o.s.b.t.c.SpringBootTestContextBootstrapper - Neither @ContextConfiguration nor @ContextHierarchy found for test class [me.konghao.generate.spring.data.jpa.entity.GenerateJpaEntityApplicationTests], using SpringBootContextLoader
19:22:24.397 [main] INFO  o.s.t.c.s.AbstractContextLoader - Could not detect default resource locations for test class [me.konghao.generate.spring.data.jpa.entity.GenerateJpaEntityApplicationTests]: no resource found for suffixes {-context.xml, Context.groovy}.
19:22:24.397 [main] INFO  o.s.t.c.s.AnnotationConfigContextLoaderUtils - Could not detect default configuration classes for test class [me.konghao.generate.spring.data.jpa.entity.GenerateJpaEntityApplicationTests]: GenerateJpaEntityApplicationTests does not declare any static, non-private, non-final, nested classes annotated with @Configuration.
19:22:24.460 [main] INFO  o.s.b.t.c.SpringBootTestContextBootstrapper - Found @SpringBootConfiguration me.konghao.generate.spring.data.jpa.entity.GenerateJpaEntityApplication for test class me.konghao.generate.spring.data.jpa.entity.GenerateJpaEntityApplicationTests
19:22:24.463 [main] INFO  o.s.b.t.c.SpringBootTestContextBootstrapper - Loaded default TestExecutionListener class names from location [META-INF/spring.factories]: [org.springframework.boot.test.mock.mockito.MockitoTestExecutionListener, org.springframework.boot.test.mock.mockito.ResetMocksTestExecutionListener, org.springframework.boot.test.autoconfigure.restdocs.RestDocsTestExecutionListener, org.springframework.boot.test.autoconfigure.web.client.MockRestServiceServerResetTestExecutionListener, org.springframework.boot.test.autoconfigure.web.servlet.MockMvcPrintOnlyOnFailureTestExecutionListener, org.springframework.boot.test.autoconfigure.web.servlet.WebDriverTestExecutionListener, org.springframework.test.context.web.ServletTestExecutionListener, org.springframework.test.context.support.DirtiesContextBeforeModesTestExecutionListener, org.springframework.test.context.support.DependencyInjectionTestExecutionListener, org.springframework.test.context.support.DirtiesContextTestExecutionListener, org.springframework.test.context.transaction.TransactionalTestExecutionListener, org.springframework.test.context.jdbc.SqlScriptsTestExecutionListener]
19:22:24.471 [main] INFO  o.s.b.t.c.SpringBootTestContextBootstrapper - Could not instantiate TestExecutionListener [org.springframework.test.context.jdbc.SqlScriptsTestExecutionListener]. Specify custom listener classes or make the default listener classes (and their required dependencies) available. Offending class: [org/springframework/transaction/interceptor/TransactionAttribute]
19:22:24.472 [main] INFO  o.s.b.t.c.SpringBootTestContextBootstrapper - Could not instantiate TestExecutionListener [org.springframework.test.context.transaction.TransactionalTestExecutionListener]. Specify custom listener classes or make the default listener classes (and their required dependencies) available. Offending class: [org/springframework/transaction/interceptor/TransactionAttributeSource]
19:22:24.472 [main] INFO  o.s.b.t.c.SpringBootTestContextBootstrapper - Could not instantiate TestExecutionListener [org.springframework.test.context.web.ServletTestExecutionListener]. Specify custom listener classes or make the default listener classes (and their required dependencies) available. Offending class: [javax/servlet/ServletContext]
19:22:24.473 [main] INFO  o.s.b.t.c.SpringBootTestContextBootstrapper - Using TestExecutionListeners: [org.springframework.test.context.support.DirtiesContextBeforeModesTestExecutionListener@2133814f, org.springframework.boot.test.autoconfigure.SpringBootDependencyInjectionTestExecutionListener@4c15e7fd, org.springframework.test.context.support.DirtiesContextTestExecutionListener@23986957, org.springframework.boot.test.autoconfigure.web.client.MockRestServiceServerResetTestExecutionListener@23f7d05d, org.springframework.boot.test.mock.mockito.MockitoTestExecutionListener@1e730495, org.springframework.boot.test.autoconfigure.web.servlet.MockMvcPrintOnlyOnFailureTestExecutionListener@7d3a22a9, org.springframework.boot.test.mock.mockito.ResetMocksTestExecutionListener@1d082e88, org.springframework.boot.test.autoconfigure.restdocs.RestDocsTestExecutionListener@60704c, org.springframework.boot.test.autoconfigure.web.servlet.WebDriverTestExecutionListener@6b19b79]
19:22:24.477 [main] INFO  o.s.b.t.c.SpringBootTestContextBootstrapper - Neither @ContextConfiguration nor @ContextHierarchy found for test class [me.konghao.generate.spring.data.jpa.entity.GenerateJpaEntityApplicationTests], using SpringBootContextLoader
19:22:24.477 [main] INFO  o.s.t.c.s.AbstractContextLoader - Could not detect default resource locations for test class [me.konghao.generate.spring.data.jpa.entity.GenerateJpaEntityApplicationTests]: no resource found for suffixes {-context.xml, Context.groovy}.
19:22:24.478 [main] INFO  o.s.t.c.s.AnnotationConfigContextLoaderUtils - Could not detect default configuration classes for test class [me.konghao.generate.spring.data.jpa.entity.GenerateJpaEntityApplicationTests]: GenerateJpaEntityApplicationTests does not declare any static, non-private, non-final, nested classes annotated with @Configuration.
19:22:24.481 [main] INFO  o.s.b.t.c.SpringBootTestContextBootstrapper - Found @SpringBootConfiguration me.konghao.generate.spring.data.jpa.entity.GenerateJpaEntityApplication for test class me.konghao.generate.spring.data.jpa.entity.GenerateJpaEntityApplicationTests
19:22:24.485 [main] INFO  o.s.b.t.c.SpringBootTestContextBootstrapper - Loaded default TestExecutionListener class names from location [META-INF/spring.factories]: [org.springframework.boot.test.mock.mockito.MockitoTestExecutionListener, org.springframework.boot.test.mock.mockito.ResetMocksTestExecutionListener, org.springframework.boot.test.autoconfigure.restdocs.RestDocsTestExecutionListener, org.springframework.boot.test.autoconfigure.web.client.MockRestServiceServerResetTestExecutionListener, org.springframework.boot.test.autoconfigure.web.servlet.MockMvcPrintOnlyOnFailureTestExecutionListener, org.springframework.boot.test.autoconfigure.web.servlet.WebDriverTestExecutionListener, org.springframework.test.context.web.ServletTestExecutionListener, org.springframework.test.context.support.DirtiesContextBeforeModesTestExecutionListener, org.springframework.test.context.support.DependencyInjectionTestExecutionListener, org.springframework.test.context.support.DirtiesContextTestExecutionListener, org.springframework.test.context.transaction.TransactionalTestExecutionListener, org.springframework.test.context.jdbc.SqlScriptsTestExecutionListener]
19:22:24.487 [main] INFO  o.s.b.t.c.SpringBootTestContextBootstrapper - Could not instantiate TestExecutionListener [org.springframework.test.context.jdbc.SqlScriptsTestExecutionListener]. Specify custom listener classes or make the default listener classes (and their required dependencies) available. Offending class: [org/springframework/transaction/interceptor/TransactionAttribute]
19:22:24.487 [main] INFO  o.s.b.t.c.SpringBootTestContextBootstrapper - Could not instantiate TestExecutionListener [org.springframework.test.context.transaction.TransactionalTestExecutionListener]. Specify custom listener classes or make the default listener classes (and their required dependencies) available. Offending class: [org/springframework/transaction/interceptor/TransactionAttributeSource]
19:22:24.487 [main] INFO  o.s.b.t.c.SpringBootTestContextBootstrapper - Could not instantiate TestExecutionListener [org.springframework.test.context.web.ServletTestExecutionListener]. Specify custom listener classes or make the default listener classes (and their required dependencies) available. Offending class: [javax/servlet/ServletContext]
19:22:24.487 [main] INFO  o.s.b.t.c.SpringBootTestContextBootstrapper - Using TestExecutionListeners: [org.springframework.test.context.support.DirtiesContextBeforeModesTestExecutionListener@7c469c48, org.springframework.boot.test.autoconfigure.SpringBootDependencyInjectionTestExecutionListener@12e61fe6, org.springframework.test.context.support.DirtiesContextTestExecutionListener@7ee955a8, org.springframework.boot.test.autoconfigure.web.client.MockRestServiceServerResetTestExecutionListener@1677d1, org.springframework.boot.test.mock.mockito.MockitoTestExecutionListener@48fa0f47, org.springframework.boot.test.autoconfigure.web.servlet.MockMvcPrintOnlyOnFailureTestExecutionListener@6ac13091, org.springframework.boot.test.mock.mockito.ResetMocksTestExecutionListener@5e316c74, org.springframework.boot.test.autoconfigure.restdocs.RestDocsTestExecutionListener@6d2a209c, org.springframework.boot.test.autoconfigure.web.servlet.WebDriverTestExecutionListener@75329a49]
19:22:24.672 [main] WARN  o.s.b.t.j.DuplicateJsonObjectContextCustomizerFactory$DuplicateJsonObjectContextCustomizer - 

Found multiple occurrences of org.json.JSONObject on the class path:

	jar:file:/C:/Users/kongh/.m2/repository/org/json/json/20171018/json-20171018.jar!/org/json/JSONObject.class
	jar:file:/C:/Users/kongh/.m2/repository/com/vaadin/external/google/android-json/0.0.20131108.vaadin1/android-json-0.0.20131108.vaadin1.jar!/org/json/JSONObject.class

You may wish to exclude one of them to ensure predictable runtime behaviour

19:22:24.691 [main] INFO  m.k.g.s.d.j.e.GenerateJpaEntityApplicationTests - Starting GenerateJpaEntityApplicationTests on DESKTOP-CCLRIAF with PID 6672 (started by kongh in F:\Code\git\generate-jpa-entity)
19:22:24.691 [main] INFO  m.k.g.s.d.j.e.GenerateJpaEntityApplicationTests - No active profile set, falling back to default profiles: default
19:22:24.707 [main] INFO  o.s.c.a.AnnotationConfigApplicationContext - Refreshing org.springframework.context.annotation.AnnotationConfigApplicationContext@2df9b86: startup date [Mon Jan 15 19:22:24 CST 2018]; root of context hierarchy
19:22:25.221 [main] INFO  m.k.g.s.d.j.e.GenerateJpaEntityApplicationTests - Started GenerateJpaEntityApplicationTests in 0.694 seconds (JVM running for 1.135)
19:22:25.288 [Thread-6] INFO  o.s.c.a.AnnotationConfigApplicationContext - Closing org.springframework.context.annotation.AnnotationConfigApplicationContext@2df9b86: startup date [Mon Jan 15 19:22:24 CST 2018]; root of context hierarchy
