19:20:45.627 [main] INFO  m.k.g.s.d.j.e.GenerateJpaEntityApplication - Starting GenerateJpaEntityApplication v0.0.1-SNAPSHOT on DESKTOP-CCLRIAF with PID 7600 (F:\Code\git\generate-jpa-entity\desc\generate-jpa-entity-0.0.1-SNAPSHOT.jar started by kongh in F:\Code\git\generate-jpa-entity\desc)
19:20:45.629 [main] INFO  m.k.g.s.d.j.e.GenerateJpaEntityApplication - No active profile set, falling back to default profiles: default
19:20:45.676 [main] INFO  o.s.c.a.AnnotationConfigApplicationContext - Refreshing org.springframework.context.annotation.AnnotationConfigApplicationContext@3fa77460: startup date [Sun Jan 14 19:20:45 CST 2018]; root of context hierarchy
19:20:46.651 [main] INFO  o.s.j.e.a.AnnotationMBeanExporter - Registering beans for JMX exposure on startup
19:20:46.654 [main] INFO  o.s.b.a.e.jmx.EndpointMBeanExporter - Registering beans for JMX exposure on startup
19:20:46.656 [main] INFO  o.s.c.s.DefaultLifecycleProcessor - Starting beans in phase 0
19:20:46.658 [main] INFO  o.s.b.a.e.jmx.EndpointMBeanExporter - Located managed bean 'auditEventsEndpoint': registering with JMX server as MBean [org.springframework.boot:type=Endpoint,name=auditEventsEndpoint]
19:20:46.674 [main] INFO  o.s.b.a.e.jmx.EndpointMBeanExporter - Located managed bean 'environmentEndpoint': registering with JMX server as MBean [org.springframework.boot:type=Endpoint,name=environmentEndpoint]
19:20:46.685 [main] INFO  o.s.b.a.e.jmx.EndpointMBeanExporter - Located managed bean 'healthEndpoint': registering with JMX server as MBean [org.springframework.boot:type=Endpoint,name=healthEndpoint]
19:20:46.691 [main] INFO  o.s.b.a.e.jmx.EndpointMBeanExporter - Located managed bean 'beansEndpoint': registering with JMX server as MBean [org.springframework.boot:type=Endpoint,name=beansEndpoint]
19:20:46.693 [main] INFO  o.s.b.a.e.jmx.EndpointMBeanExporter - Located managed bean 'infoEndpoint': registering with JMX server as MBean [org.springframework.boot:type=Endpoint,name=infoEndpoint]
19:20:46.697 [main] INFO  o.s.b.a.e.jmx.EndpointMBeanExporter - Located managed bean 'loggersEndpoint': registering with JMX server as MBean [org.springframework.boot:type=Endpoint,name=loggersEndpoint]
19:20:46.700 [main] INFO  o.s.b.a.e.jmx.EndpointMBeanExporter - Located managed bean 'metricsEndpoint': registering with JMX server as MBean [org.springframework.boot:type=Endpoint,name=metricsEndpoint]
19:20:46.703 [main] INFO  o.s.b.a.e.jmx.EndpointMBeanExporter - Located managed bean 'traceEndpoint': registering with JMX server as MBean [org.springframework.boot:type=Endpoint,name=traceEndpoint]
19:20:46.705 [main] INFO  o.s.b.a.e.jmx.EndpointMBeanExporter - Located managed bean 'dumpEndpoint': registering with JMX server as MBean [org.springframework.boot:type=Endpoint,name=dumpEndpoint]
19:20:46.708 [main] INFO  o.s.b.a.e.jmx.EndpointMBeanExporter - Located managed bean 'autoConfigurationReportEndpoint': registering with JMX server as MBean [org.springframework.boot:type=Endpoint,name=autoConfigurationReportEndpoint]
19:20:46.711 [main] INFO  o.s.b.a.e.jmx.EndpointMBeanExporter - Located managed bean 'configurationPropertiesReportEndpoint': registering with JMX server as MBean [org.springframework.boot:type=Endpoint,name=configurationPropertiesReportEndpoint]
19:20:46.729 [main] INFO  m.k.g.s.d.j.e.GenerateJpaEntityApplication - Started GenerateJpaEntityApplication in 1.338 seconds (JVM running for 1.773)
19:20:46.922 [Thread-6] INFO  o.s.c.a.AnnotationConfigApplicationContext - Closing org.springframework.context.annotation.AnnotationConfigApplicationContext@3fa77460: startup date [Sun Jan 14 19:20:45 CST 2018]; root of context hierarchy
19:20:46.924 [Thread-6] INFO  o.s.c.s.DefaultLifecycleProcessor - Stopping beans in phase 0
19:20:46.925 [Thread-6] INFO  o.s.b.a.e.jmx.EndpointMBeanExporter - Unregistering JMX-exposed beans on shutdown
19:20:46.925 [Thread-6] INFO  o.s.b.a.e.jmx.EndpointMBeanExporter - Unregistering JMX-exposed beans
19:20:46.925 [Thread-6] INFO  o.s.j.e.a.AnnotationMBeanExporter - Unregistering JMX-exposed beans on shutdown
